Sequence 'NZ_CP085987.1' (5052615 bp)

CRISPR 1   Range: 4216631 - 4217208
POSITION	REPEAT				SPACER
--------	-----------------------------	--------------------------------
4216631		GTGTTTATCCCCGCTGGCGCGGGGAACAT	TTTTCAGCCCTTGTCGACTGCGGAACGCCCCT	[ 29, 32 ]
4216692		CGGTTTATCCCCGCTGGCGCGGGGAACAC	GCGAAATAGTGGGGAAAAACCCCTGGTTAACC	[ 29, 32 ]
4216753		CGGTTTATCCCCGCTGGCGCGGGAAACAC	TAGGCCTTGATACCATCGCTCGCACCTCGTCA	[ 29, 32 ]
4216814		CGGTTTATCCCCGCTGGCGCGGGGAACAC	GTTTATTACTGCTTAGTTAATTAATGGGTTGC	[ 29, 32 ]
4216875		CGGTTTATCCCCGCTGGCGCGGGGAACAC	AGGCGAATAATCTCTAATAGTCTCAATTCGTT	[ 29, 32 ]
4216936		CGGTTTATCCCCGCTGGCGCGGGGAACAC	TAAATCTGGCGTCGAGACATTCGAAATAGTGC	[ 29, 32 ]
4216997		CGGTTTATCCCCGCTGGCGCGGGGAACAC	TCTTTTGATTTTGCTGCGATGTTATAACCAGA	[ 29, 32 ]
4217058		CGGTTTATCCCCGCTGGCGCGGGGAACAC	TATCCACATATACCCGCAATCATATTCAAGAA	[ 29, 32 ]
4217119		CGGTTTATCCCCGCTGGCGCGGGGAACAC	AATCACTGCGGGGGTATTTAGCGGAAACGGCT	[ 29, 32 ]
4217180		CGGTTTATCCCCGCTGGCGCGGGGAACAC	
--------	-----------------------------	--------------------------------
Repeats: 10	Average Length: 29		Average Length: 32

CRISPR 2   Range: 4217222 - 4218533
POSITION	REPEAT				SPACER
--------	-----------------------------	--------------------------------
4217222		GCGCTGGAACGCGTCGGCGCGGGGAACAC	AATTAAAGCCGAGGGTGGCACCGCGCCTTATT	[ 29, 32 ]
4217283		CGGTTTATCCCCGCTGGCGCGGGGAACAC	GCACCTCGAAACGGTTTTAAAACACTACCGTTT	[ 29, 33 ]
4217345		CGGTTTATCCCCGCTGGCGCGGGGAACAC	TGGACCGATGGGGCCAACATCGCCGAACGTGG	[ 29, 32 ]
4217406		CGGTTTATCCCCGCTGGCGCGGGGAACAC	GTTACGTTCGGTAAATGGAAAGCGGCGAATAT	[ 29, 32 ]
4217467		CGGTTTATCCCCGCTGGCGCGGGGAACAC	CCAGAAAGTGCCGGTAGTGCCTGATGAACGAC	[ 29, 32 ]
4217528		CGGTTTATCCCCGCTGGCGCGGGGAACAC	CGCGCCCACTTCCGTAAAATACAGATAATCCA	[ 29, 32 ]
4217589		CGGTTTATCCCCGCTGGCGCGGGGAACAC	GGCAGCGGGCGAGGCAAACACATTCGGGGCGT	[ 29, 32 ]
4217650		CGGTTTATCCCCGCTGGCGCGGGGAACAC	GGCAGCGGGCGAGGCAAACACATTCGGGGCGT	[ 29, 32 ]
4217711		CGGTTTATCCCCGCTGGCGCGGGGAACAC	GGTAATTTCTCATCTAACAGCCTGTACGCCTC	[ 29, 32 ]
4217772		AGGTTTATCCCCGCTGGCGCGGGGAACAC	TCTTTATCGTCAATGCGAAATTTTCCGCGACG	[ 29, 32 ]
4217833		CGGTTTATCCCCGCTGGCGCGGGGAACAC	TCCCATTCACCAACAACAATATCGCCCTGCAA	[ 29, 32 ]
4217894		CGGTTTATCCCCGCTGGCGCGGGGAACAC	CGTTGCGTCAGGTTGATCCAGTGCGTCAGCGG	[ 29, 32 ]
4217955		CGGTTTATCCCCGCTGGCGCGGGGAACAC	TCTCGGTCTCGGTCTCGGTCTCGGTAGTGACG	[ 29, 32 ]
4218016		CGGTTTATCCCCGCTGGCGCGGGGAACAC	ACTTCCTTCAGTCTTAACGATAATCCGCAACG	[ 29, 32 ]
4218077		CGGTTTATCCCCGCTGGCGCGGGGAACAC	GCAAAATAGCGATGAGCTGGCTACGCCCACTGG	[ 29, 33 ]
4218139		CGGTTTATCCCCGCTGGCGCGGGGAACAC	AGCCGGCGCGAGCCTGGAGGGTTGAATAATGG	[ 29, 32 ]
4218200		CGGTTTATCCCCGCTGGCGCGGGGAACAC	CAATCTCGCATTCGTTACCCCACCTGCATTTT	[ 29, 32 ]
4218261		CGGTTTATCCCCGCTGGCGCGGGGAACAC	GAGGGGATAGGAGTTACGATCCAGCCTGGTTG	[ 29, 32 ]
4218322		CGGTTTATCCCCGCTGGCGCGGGGAACAC	GTGGTTGCAGACCAATCAGCCCGCCAGCGGTT	[ 29, 32 ]
4218383		CGGTTTATCCCCGCTGGCGCGGGGAACAC	CAGCACGAAAAATTATTTACTGTCGTTGCTCA	[ 29, 32 ]
4218444		CGGTTTATCCCCGCTGGCGCGGGGAACAC	TGTAACAGTCCGTCGTTAATCAGCGCGGTGGG	[ 29, 32 ]
4218505		AGGTTTATCCCCGCTGGCGCGGGGAACAC	
--------	-----------------------------	--------------------------------
Repeats: 22	Average Length: 29		Average Length: 32

CRISPR 3   Range: 4234664 - 4236157
POSITION	REPEAT				SPACER
--------	-----------------------------	--------------------------------
4234664		ACGGCTATCCTTGTTGGCGCGGGGAACAC	ATCTTCATATTGCGTGACGCTGCCGATGAACG	[ 29, 32 ]
4234725		CGGTTTATCCCCGCTGGCGCGGGGAACAC	TCTTTATCAGCTAACCATTTCCAGAACTCGTC	[ 29, 32 ]
4234786		CGGTTTATCCCTGCTGGCGCGGGGAACAC	TATAATATGAATTAATTTTTGCGCATAACCTG	[ 29, 32 ]
4234847		CGGTTTATCCCCGCTGGCGCGGGGAACAC	TGCCCGTTCTGCCTCTTCGCACTCTCGATCAA	[ 29, 32 ]
4234908		CGGTTTATCCCCGCTGGCGCGGGGAACAC	TGCGTAATGGGCTACCTGAACTTCACATATCC	[ 29, 32 ]
4234969		CGGTTTATCCCCGCTAGCGCGGGGAACAT	ATTAAGCGCGCAAAGTTTGGGTTAATTGGACA	[ 29, 32 ]
4235030		CGGTTTATCCCCGCTGGCGCGGGGAACAC	CGTATTCGTCACACAGCCCCGTCCAGAAATGA	[ 29, 32 ]
4235091		CGGTTTATCCCCGCTGGCACGGGGAACAC	TAACGAACTGAATAAAATGTCAGAAAGTGACG	[ 29, 32 ]
4235152		CGGCTTATCCCCGCTGGCGCGGGGAACAC	GCAGCTTAGCGACGAAATTAAAACCGAACTCAC	[ 29, 33 ]
4235214		CGGTTTATCCCCGCTGGCGCGGGGAACAC	TGCCAGTGACTACAGAAGCGTCGCTATCGGGG	[ 29, 32 ]
4235275		CGGTTTATCCCCGCTGGCGCGGGGAACAC	ACCGATAAACAACCGCATAGCCTCTTTCGTTT	[ 29, 32 ]
4235336		CGATTTATCCCTGCTGGCGCGGGGAACAC	TGCTCAATAACGTCGTAAATAGCGTAAGCTGG	[ 29, 32 ]
4235397		CGGTTTATCCCCGCTGGCGCGGGGAACAC	TATTTCGCCTTCGGCACTGACGTCACCGTCAA	[ 29, 32 ]
4235458		CGGTTTATCCCCGCTGGCGCGGGGAACAC	GTCGCGTTCGTTGCCGGTATAGACCAGCGTCA	[ 29, 32 ]
4235519		CGGTTTATCCCCGCTGGCGCGGGGAACAC	ATCGAATCGAAACCCCAGCCACAGAAATAATT	[ 29, 32 ]
4235580		CGGTTTATCCCCGCTGGCGCGGGGAACAC	GCTCATGTCAAACGCCATCAGCGTTCCGGCAT	[ 29, 32 ]
4235641		CGGTTTATCCCCGCTAGCGCGGGGAACAC	AATCGCCAGCCTCGGAAATATTCCATCCTCCG	[ 29, 32 ]
4235702		CGGTTTATCCCCGCTGGCGCGGGGAACAC	AGGAACTAAACAGCCTGACCGTTGAGGATCTG	[ 29, 32 ]
4235763		CGGTTTATCCCCGCTGGCGCGGGGAACAC	ACCGGACAAATCTTTTTTTTCCTGTTCCTGTT	[ 29, 32 ]
4235824		CGGTTTATCCCCGCTGGCGCGGGGAACAC	GGGCGGTCCCCGGCCTCAATACCGCGCTGACG	[ 29, 32 ]
4235885		CGGTTTATCCCCGCTGGCGCGGGGAACAC	TTGAGGTGCCGCTTGCCGTTCTTCTGTTTTTT	[ 29, 32 ]
4235946		CGGTTTATCCCCGCTGGCGCGGGGAACAC	GGGCACTATGAACGGATCGGCGCTGATGCCGG	[ 29, 32 ]
4236007		CGGTTTATCCCCGCTGGCGCGGGGAACAC	GGTAAAGCCACACCATTTTTTATTGACCTCGC	[ 29, 32 ]
4236068		CGGTTTATCCCCGCTGGCGCGGGGAACAC	CTAGGAGGCGTAATGAATACTACGTATCAAAA	[ 29, 32 ]
4236129		CGGTTTATCCCCGCTGGCGCGGGGAACAC	
--------	-----------------------------	--------------------------------
Repeats: 25	Average Length: 29		Average Length: 32

Time to find repeats: 1266 ms


